This is TeX, Version 3.141592 (Web2C 7.5.4) (format=tex 2010.5.17)  17 MAR 2017 04:30
**/home/observer/fastlog.tex
(/home/observer/fastlog.tex
(/home/IRAF2.11/iraf.pkg/nobs_logging/lib/kptab1rc.tex)
(/home/observer/fastlogpage.tex) (/home/observer/fastloghead.tex)
(/home/IRAF2.11/iraf.pkg/nobs_logging/lib/kptab2rc.tex)
Overfull \hbox (0.33762pt too wide) detected at line 10
 \kbigtt 3.0

\hbox(7.33333+0.0)x22.76228
.\glue 0.0 plus 1.0fil
.\kern 2.10004
.\kbigtt 3
.\kbigtt .
.\kbigtt 0
.etc.


Overfull \hbox (0.33762pt too wide) detected at line 12
 \kbigtt 3.0

\hbox(7.33333+0.0)x22.76228
.\glue 0.0 plus 1.0fil
.\kern 2.10004
.\kbigtt 3
.\kbigtt .
.\kbigtt 0
.etc.


Overfull \hbox (0.33762pt too wide) detected at line 14
 \kbigtt 3.0

\hbox(7.33333+0.0)x22.76228
.\glue 0.0 plus 1.0fil
.\kern 2.10004
.\kbigtt 3
.\kbigtt .
.\kbigtt 0
.etc.


Overfull \hbox (0.33762pt too wide) detected at line 16
 \kbigtt 3.0

\hbox(7.33333+0.0)x22.76228
.\glue 0.0 plus 1.0fil
.\kern 2.10004
.\kbigtt 3
.\kbigtt .
.\kbigtt 0
.etc.


Overfull \hbox (0.33762pt too wide) detected at line 18
 \kbigtt 3.0

\hbox(7.33333+0.0)x22.76228
.\glue 0.0 plus 1.0fil
.\kern 2.10004
.\kbigtt 3
.\kbigtt .
.\kbigtt 0
.etc.


Overfull \hbox (0.33762pt too wide) detected at line 20
 \kbigtt 3.0

\hbox(7.33333+0.0)x22.76228
.\glue 0.0 plus 1.0fil
.\kern 2.10004
.\kbigtt 3
.\kbigtt .
.\kbigtt 0
.etc.


Overfull \hbox (0.33762pt too wide) detected at line 22
 \kbigtt 3.0

\hbox(7.33333+0.0)x22.76228
.\glue 0.0 plus 1.0fil
.\kern 2.10004
.\kbigtt 3
.\kbigtt .
.\kbigtt 0
.etc.


Overfull \hbox (0.33762pt too wide) detected at line 24
 \kbigtt 3.0

\hbox(7.33333+0.0)x22.76228
.\glue 0.0 plus 1.0fil
.\kern 2.10004
.\kbigtt 3
.\kbigtt .
.\kbigtt 0
.etc.


Overfull \hbox (0.33762pt too wide) detected at line 26
 \kbigtt 3.0

\hbox(7.33333+0.0)x22.76228
.\glue 0.0 plus 1.0fil
.\kern 2.10004
.\kbigtt 3
.\kbigtt .
.\kbigtt 0
.etc.


Overfull \hbox (0.33762pt too wide) detected at line 28
 \kbigtt 3.0

\hbox(7.33333+0.0)x22.76228
.\glue 0.0 plus 1.0fil
.\kern 2.10004
.\kbigtt 3
.\kbigtt .
.\kbigtt 0
.etc.


Overfull \hbox (0.33762pt too wide) detected at line 30
 \kbigtt 3.0

\hbox(7.33333+0.0)x22.76228
.\glue 0.0 plus 1.0fil
.\kern 2.10004
.\kbigtt 3
.\kbigtt .
.\kbigtt 0
.etc.


Overfull \hbox (0.33762pt too wide) detected at line 32
 \kbigtt 3.0

\hbox(7.33333+0.0)x22.76228
.\glue 0.0 plus 1.0fil
.\kern 2.10004
.\kbigtt 3
.\kbigtt .
.\kbigtt 0
.etc.


Overfull \hbox (0.33762pt too wide) detected at line 34
 \kbigtt 3.0

\hbox(7.33333+0.0)x22.76228
.\glue 0.0 plus 1.0fil
.\kern 2.10004
.\kbigtt 3
.\kbigtt .
.\kbigtt 0
.etc.


Overfull \hbox (0.33762pt too wide) detected at line 36
 \kbigtt 3.0

\hbox(7.33333+0.0)x22.76228
.\glue 0.0 plus 1.0fil
.\kern 2.10004
.\kbigtt 3
.\kbigtt .
.\kbigtt 0
.etc.


Overfull \hbox (0.33762pt too wide) detected at line 38
 \kbigtt 3.0

\hbox(7.33333+0.0)x22.76228
.\glue 0.0 plus 1.0fil
.\kern 2.10004
.\kbigtt 3
.\kbigtt .
.\kbigtt 0
.etc.


Overfull \hbox (0.33762pt too wide) detected at line 40
 \kbigtt 3.0

\hbox(7.33333+0.0)x22.76228
.\glue 0.0 plus 1.0fil
.\kern 2.10004
.\kbigtt 3
.\kbigtt .
.\kbigtt 0
.etc.


Overfull \hbox (0.33762pt too wide) detected at line 42
 \kbigtt 3.0

\hbox(7.33333+0.0)x22.76228
.\glue 0.0 plus 1.0fil
.\kern 2.10004
.\kbigtt 3
.\kbigtt .
.\kbigtt 0
.etc.


Overfull \hbox (0.33762pt too wide) detected at line 44
 \kbigtt 3.0

\hbox(7.33333+0.0)x22.76228
.\glue 0.0 plus 1.0fil
.\kern 2.10004
.\kbigtt 3
.\kbigtt .
.\kbigtt 0
.etc.


Overfull \hbox (0.33762pt too wide) detected at line 46
 \kbigtt 3.0

\hbox(7.33333+0.0)x22.76228
.\glue 0.0 plus 1.0fil
.\kern 2.10004
.\kbigtt 3
.\kbigtt .
.\kbigtt 0
.etc.


Overfull \hbox (0.33762pt too wide) detected at line 48
 \kbigtt 3.0

\hbox(7.33333+0.0)x22.76228
.\glue 0.0 plus 1.0fil
.\kern 2.10004
.\kbigtt 3
.\kbigtt .
.\kbigtt 0
.etc.


Overfull \hbox (1.06387pt too wide) in alignment at lines 4--50
[][][][][][][][][][][][]

\hbox(0.0+0.0)x722.7
.\glue(\tabskip) 0.0
.\unsetbox(0.0+0.0)x125.99194
.\glue(\tabskip) 0.0
.\unsetbox(0.0+0.0)x34.94322
.\glue(\tabskip) 0.0
.etc.


Underfull \vbox (badness 10000) has occurred while \output is active
\vbox(505.89+0.0)x722.7
.\glue(\topskip) 0.0
.\vbox(449.96661+0.0)x722.7
..\hbox(0.0+0.0)x0.0
..\glue 3.7
..\glue(\lineskip) 0.0
..\hbox(0.0+0.0)x0.0
..\glue 6.0 plus 2.0 minus 2.0
..etc.

 [113]
(/home/observer/fastloghead.tex)
(/home/IRAF2.11/iraf.pkg/nobs_logging/lib/kptab2rc.tex)
Overfull \hbox (0.33762pt too wide) detected at line 57
 \kbigtt 3.0

\hbox(7.33333+0.0)x22.76228
.\glue 0.0 plus 1.0fil
.\kern 2.10004
.\kbigtt 3
.\kbigtt .
.\kbigtt 0
.etc.


Overfull \hbox (0.33762pt too wide) detected at line 59
 \kbigtt 3.0

\hbox(7.33333+0.0)x22.76228
.\glue 0.0 plus 1.0fil
.\kern 2.10004
.\kbigtt 3
.\kbigtt .
.\kbigtt 0
.etc.


Overfull \hbox (0.33762pt too wide) detected at line 61
 \kbigtt 3.0

\hbox(7.33333+0.0)x22.76228
.\glue 0.0 plus 1.0fil
.\kern 2.10004
.\kbigtt 3
.\kbigtt .
.\kbigtt 0
.etc.


Overfull \hbox (0.33762pt too wide) detected at line 63
 \kbigtt 3.0

\hbox(7.33333+0.0)x22.76228
.\glue 0.0 plus 1.0fil
.\kern 2.10004
.\kbigtt 3
.\kbigtt .
.\kbigtt 0
.etc.


Overfull \hbox (0.33762pt too wide) detected at line 65
 \kbigtt 3.0

\hbox(7.33333+0.0)x22.76228
.\glue 0.0 plus 1.0fil
.\kern 2.10004
.\kbigtt 3
.\kbigtt .
.\kbigtt 0
.etc.


Overfull \hbox (0.33762pt too wide) detected at line 67
 \kbigtt 3.0

\hbox(7.33333+0.0)x22.76228
.\glue 0.0 plus 1.0fil
.\kern 2.10004
.\kbigtt 3
.\kbigtt .
.\kbigtt 0
.etc.


Overfull \hbox (0.33762pt too wide) detected at line 69
 \kbigtt 3.0

\hbox(7.33333+0.0)x22.76228
.\glue 0.0 plus 1.0fil
.\kern 2.10004
.\kbigtt 3
.\kbigtt .
.\kbigtt 0
.etc.


Overfull \hbox (0.33762pt too wide) detected at line 71
 \kbigtt 3.0

\hbox(7.33333+0.0)x22.76228
.\glue 0.0 plus 1.0fil
.\kern 2.10004
.\kbigtt 3
.\kbigtt .
.\kbigtt 0
.etc.


Overfull \hbox (0.33762pt too wide) detected at line 73
 \kbigtt 3.0

\hbox(7.33333+0.0)x22.76228
.\glue 0.0 plus 1.0fil
.\kern 2.10004
.\kbigtt 3
.\kbigtt .
.\kbigtt 0
.etc.


Overfull \hbox (0.33762pt too wide) detected at line 75
 \kbigtt 3.0

\hbox(7.33333+0.0)x22.76228
.\glue 0.0 plus 1.0fil
.\kern 2.10004
.\kbigtt 3
.\kbigtt .
.\kbigtt 0
.etc.


Overfull \hbox (0.33762pt too wide) detected at line 77
 \kbigtt 3.0

\hbox(7.33333+0.0)x22.76228
.\glue 0.0 plus 1.0fil
.\kern 2.10004
.\kbigtt 3
.\kbigtt .
.\kbigtt 0
.etc.


Overfull \hbox (0.33762pt too wide) detected at line 79
 \kbigtt 3.0

\hbox(7.33333+0.0)x22.76228
.\glue 0.0 plus 1.0fil
.\kern 2.10004
.\kbigtt 3
.\kbigtt .
.\kbigtt 0
.etc.


Overfull \hbox (0.33762pt too wide) detected at line 81
 \kbigtt 3.0

\hbox(7.33333+0.0)x22.76228
.\glue 0.0 plus 1.0fil
.\kern 2.10004
.\kbigtt 3
.\kbigtt .
.\kbigtt 0
.etc.


Overfull \hbox (0.33762pt too wide) detected at line 83
 \kbigtt 3.0

\hbox(7.33333+0.0)x22.76228
.\glue 0.0 plus 1.0fil
.\kern 2.10004
.\kbigtt 3
.\kbigtt .
.\kbigtt 0
.etc.


Overfull \hbox (0.33762pt too wide) detected at line 85
 \kbigtt 3.0

\hbox(7.33333+0.0)x22.76228
.\glue 0.0 plus 1.0fil
.\kern 2.10004
.\kbigtt 3
.\kbigtt .
.\kbigtt 0
.etc.


Overfull \hbox (0.33762pt too wide) detected at line 87
 \kbigtt 3.0

\hbox(7.33333+0.0)x22.76228
.\glue 0.0 plus 1.0fil
.\kern 2.10004
.\kbigtt 3
.\kbigtt .
.\kbigtt 0
.etc.


Overfull \hbox (0.33762pt too wide) detected at line 89
 \kbigtt 3.0

\hbox(7.33333+0.0)x22.76228
.\glue 0.0 plus 1.0fil
.\kern 2.10004
.\kbigtt 3
.\kbigtt .
.\kbigtt 0
.etc.


Overfull \hbox (0.33762pt too wide) detected at line 91
 \kbigtt 3.0

\hbox(7.33333+0.0)x22.76228
.\glue 0.0 plus 1.0fil
.\kern 2.10004
.\kbigtt 3
.\kbigtt .
.\kbigtt 0
.etc.


Overfull \hbox (0.33762pt too wide) detected at line 93
 \kbigtt 3.0

\hbox(7.33333+0.0)x22.76228
.\glue 0.0 plus 1.0fil
.\kern 2.10004
.\kbigtt 3
.\kbigtt .
.\kbigtt 0
.etc.


Overfull \hbox (0.33762pt too wide) detected at line 95
 \kbigtt 3.0

\hbox(7.33333+0.0)x22.76228
.\glue 0.0 plus 1.0fil
.\kern 2.10004
.\kbigtt 3
.\kbigtt .
.\kbigtt 0
.etc.


Overfull \hbox (1.06387pt too wide) in alignment at lines 4--97
[][][][][][][][][][][][]

\hbox(0.0+0.0)x722.7
.\glue(\tabskip) 0.0
.\unsetbox(0.0+0.0)x125.99194
.\glue(\tabskip) 0.0
.\unsetbox(0.0+0.0)x34.94322
.\glue(\tabskip) 0.0
.etc.


Underfull \vbox (badness 10000) has occurred while \output is active
\vbox(505.89+0.0)x722.7
.\glue(\topskip) 0.0
.\vbox(449.96661+0.0)x722.7
..\hbox(0.0+0.0)x0.0
..\glue 3.7
..\glue(\lineskip) 0.0
..\hbox(0.0+0.0)x0.0
..\glue 6.0 plus 2.0 minus 2.0
..etc.

 [114]
(/home/observer/fastloghead.tex)
(/home/IRAF2.11/iraf.pkg/nobs_logging/lib/kptab2rc.tex)
Overfull \hbox (0.33762pt too wide) detected at line 104
 \kbigtt 3.0

\hbox(7.33333+0.0)x22.76228
.\glue 0.0 plus 1.0fil
.\kern 2.10004
.\kbigtt 3
.\kbigtt .
.\kbigtt 0
.etc.


Overfull \hbox (0.33762pt too wide) detected at line 106
 \kbigtt 3.0

\hbox(7.33333+0.0)x22.76228
.\glue 0.0 plus 1.0fil
.\kern 2.10004
.\kbigtt 3
.\kbigtt .
.\kbigtt 0
.etc.


Overfull \hbox (0.33762pt too wide) detected at line 108
 \kbigtt 3.0

\hbox(7.33333+0.0)x22.76228
.\glue 0.0 plus 1.0fil
.\kern 2.10004
.\kbigtt 3
.\kbigtt .
.\kbigtt 0
.etc.


Overfull \hbox (0.33762pt too wide) detected at line 110
 \kbigtt 3.0

\hbox(7.33333+0.0)x22.76228
.\glue 0.0 plus 1.0fil
.\kern 2.10004
.\kbigtt 3
.\kbigtt .
.\kbigtt 0
.etc.


Overfull \hbox (0.33762pt too wide) detected at line 112
 \kbigtt 3.0

\hbox(7.33333+0.0)x22.76228
.\glue 0.0 plus 1.0fil
.\kern 2.10004
.\kbigtt 3
.\kbigtt .
.\kbigtt 0
.etc.


Overfull \hbox (2.90694pt too wide) detected at line 114
\kbigtt 0046.NGC2392slitless 

\hbox(7.33333+0.0)x125.19194
.\kern 2.10004
.\kbigtt 0
.\kbigtt 0
.\kbigtt 4
.\kbigtt 6
.etc.


Overfull \hbox (0.33762pt too wide) detected at line 114
 \kbigtt 3.0

\hbox(7.33333+0.0)x22.76228
.\glue 0.0 plus 1.0fil
.\kern 2.10004
.\kbigtt 3
.\kbigtt .
.\kbigtt 0
.etc.


Overfull \hbox (2.90694pt too wide) detected at line 116
\kbigtt 0047.NGC2392slitless 

\hbox(7.33333+0.0)x125.19194
.\kern 2.10004
.\kbigtt 0
.\kbigtt 0
.\kbigtt 4
.\kbigtt 7
.etc.


Overfull \hbox (0.33762pt too wide) detected at line 116
 \kbigtt 3.0

\hbox(7.33333+0.0)x22.76228
.\glue 0.0 plus 1.0fil
.\kern 2.10004
.\kbigtt 3
.\kbigtt .
.\kbigtt 0
.etc.


Overfull \hbox (0.33762pt too wide) detected at line 118
 \kbigtt 3.0

\hbox(7.33333+0.0)x22.76228
.\glue 0.0 plus 1.0fil
.\kern 2.10004
.\kbigtt 3
.\kbigtt .
.\kbigtt 0
.etc.


Overfull \hbox (0.33762pt too wide) detected at line 120
 \kbigtt 3.0

\hbox(7.33333+0.0)x22.76228
.\glue 0.0 plus 1.0fil
.\kern 2.10004
.\kbigtt 3
.\kbigtt .
.\kbigtt 0
.etc.


Overfull \hbox (0.33762pt too wide) detected at line 122
 \kbigtt 3.0

\hbox(7.33333+0.0)x22.76228
.\glue 0.0 plus 1.0fil
.\kern 2.10004
.\kbigtt 3
.\kbigtt .
.\kbigtt 0
.etc.


Overfull \hbox (0.33762pt too wide) detected at line 124
 \kbigtt 3.0

\hbox(7.33333+0.0)x22.76228
.\glue 0.0 plus 1.0fil
.\kern 2.10004
.\kbigtt 3
.\kbigtt .
.\kbigtt 0
.etc.


Overfull \hbox (0.33762pt too wide) detected at line 126
 \kbigtt 3.0

\hbox(7.33333+0.0)x22.76228
.\glue 0.0 plus 1.0fil
.\kern 2.10004
.\kbigtt 3
.\kbigtt .
.\kbigtt 0
.etc.


Overfull \hbox (0.33762pt too wide) detected at line 128
 \kbigtt 3.0

\hbox(7.33333+0.0)x22.76228
.\glue 0.0 plus 1.0fil
.\kern 2.10004
.\kbigtt 3
.\kbigtt .
.\kbigtt 0
.etc.


Overfull \hbox (0.33762pt too wide) detected at line 130
 \kbigtt 3.0

\hbox(7.33333+0.0)x22.76228
.\glue 0.0 plus 1.0fil
.\kern 2.10004
.\kbigtt 3
.\kbigtt .
.\kbigtt 0
.etc.


Overfull \hbox (0.33762pt too wide) detected at line 132
 \kbigtt 3.0

\hbox(7.33333+0.0)x22.76228
.\glue 0.0 plus 1.0fil
.\kern 2.10004
.\kbigtt 3
.\kbigtt .
.\kbigtt 0
.etc.


Overfull \hbox (0.33762pt too wide) detected at line 134
 \kbigtt 3.0

\hbox(7.33333+0.0)x22.76228
.\glue 0.0 plus 1.0fil
.\kern 2.10004
.\kbigtt 3
.\kbigtt .
.\kbigtt 0
.etc.


Overfull \hbox (0.33762pt too wide) detected at line 136
 \kbigtt 3.0

\hbox(7.33333+0.0)x22.76228
.\glue 0.0 plus 1.0fil
.\kern 2.10004
.\kbigtt 3
.\kbigtt .
.\kbigtt 0
.etc.


Overfull \hbox (0.33762pt too wide) detected at line 138
 \kbigtt 3.0

\hbox(7.33333+0.0)x22.76228
.\glue 0.0 plus 1.0fil
.\kern 2.10004
.\kbigtt 3
.\kbigtt .
.\kbigtt 0
.etc.


Overfull \hbox (0.33762pt too wide) detected at line 140
 \kbigtt 3.0

\hbox(7.33333+0.0)x22.76228
.\glue 0.0 plus 1.0fil
.\kern 2.10004
.\kbigtt 3
.\kbigtt .
.\kbigtt 0
.etc.


Overfull \hbox (0.33762pt too wide) detected at line 142
 \kbigtt 3.0

\hbox(7.33333+0.0)x22.76228
.\glue 0.0 plus 1.0fil
.\kern 2.10004
.\kbigtt 3
.\kbigtt .
.\kbigtt 0
.etc.


Overfull \hbox (1.06387pt too wide) in alignment at lines 4--144
[][][][][][][][][][][][]

\hbox(0.0+0.0)x722.7
.\glue(\tabskip) 0.0
.\unsetbox(0.0+0.0)x125.99194
.\glue(\tabskip) 0.0
.\unsetbox(0.0+0.0)x34.94322
.\glue(\tabskip) 0.0
.etc.


Underfull \vbox (badness 10000) has occurred while \output is active
\vbox(505.89+0.0)x722.7
.\glue(\topskip) 0.0
.\vbox(449.96661+0.0)x722.7
..\hbox(0.0+0.0)x0.0
..\glue 3.7
..\glue(\lineskip) 0.0
..\hbox(0.0+0.0)x0.0
..\glue 6.0 plus 2.0 minus 2.0
..etc.

 [115]
(/home/observer/fastloghead.tex)
(/home/IRAF2.11/iraf.pkg/nobs_logging/lib/kptab2rc.tex)
Overfull \hbox (0.33762pt too wide) detected at line 151
 \kbigtt 3.0

\hbox(7.33333+0.0)x22.76228
.\glue 0.0 plus 1.0fil
.\kern 2.10004
.\kbigtt 3
.\kbigtt .
.\kbigtt 0
.etc.


Overfull \hbox (0.33762pt too wide) detected at line 153
 \kbigtt 3.0

\hbox(7.33333+0.0)x22.76228
.\glue 0.0 plus 1.0fil
.\kern 2.10004
.\kbigtt 3
.\kbigtt .
.\kbigtt 0
.etc.


Overfull \hbox (0.33762pt too wide) detected at line 155
 \kbigtt 3.0

\hbox(7.33333+0.0)x22.76228
.\glue 0.0 plus 1.0fil
.\kern 2.10004
.\kbigtt 3
.\kbigtt .
.\kbigtt 0
.etc.


Overfull \hbox (0.33762pt too wide) detected at line 157
 \kbigtt 3.0

\hbox(7.33333+0.0)x22.76228
.\glue 0.0 plus 1.0fil
.\kern 2.10004
.\kbigtt 3
.\kbigtt .
.\kbigtt 0
.etc.


Overfull \hbox (0.33762pt too wide) detected at line 159
 \kbigtt 3.0

\hbox(7.33333+0.0)x22.76228
.\glue 0.0 plus 1.0fil
.\kern 2.10004
.\kbigtt 3
.\kbigtt .
.\kbigtt 0
.etc.


Overfull \hbox (0.33762pt too wide) detected at line 161
 \kbigtt 3.0

\hbox(7.33333+0.0)x22.76228
.\glue 0.0 plus 1.0fil
.\kern 2.10004
.\kbigtt 3
.\kbigtt .
.\kbigtt 0
.etc.


Overfull \hbox (0.33762pt too wide) detected at line 163
 \kbigtt 3.0

\hbox(7.33333+0.0)x22.76228
.\glue 0.0 plus 1.0fil
.\kern 2.10004
.\kbigtt 3
.\kbigtt .
.\kbigtt 0
.etc.


Overfull \hbox (0.33762pt too wide) detected at line 165
 \kbigtt 3.0

\hbox(7.33333+0.0)x22.76228
.\glue 0.0 plus 1.0fil
.\kern 2.10004
.\kbigtt 3
.\kbigtt .
.\kbigtt 0
.etc.


Overfull \hbox (0.33762pt too wide) detected at line 167
 \kbigtt 3.0

\hbox(7.33333+0.0)x22.76228
.\glue 0.0 plus 1.0fil
.\kern 2.10004
.\kbigtt 3
.\kbigtt .
.\kbigtt 0
.etc.


Overfull \hbox (0.33762pt too wide) detected at line 169
 \kbigtt 3.0

\hbox(7.33333+0.0)x22.76228
.\glue 0.0 plus 1.0fil
.\kern 2.10004
.\kbigtt 3
.\kbigtt .
.\kbigtt 0
.etc.


Overfull \hbox (0.33762pt too wide) detected at line 171
 \kbigtt 3.0

\hbox(7.33333+0.0)x22.76228
.\glue 0.0 plus 1.0fil
.\kern 2.10004
.\kbigtt 3
.\kbigtt .
.\kbigtt 0
.etc.


Overfull \hbox (0.33762pt too wide) detected at line 173
 \kbigtt 3.0

\hbox(7.33333+0.0)x22.76228
.\glue 0.0 plus 1.0fil
.\kern 2.10004
.\kbigtt 3
.\kbigtt .
.\kbigtt 0
.etc.


Overfull \hbox (0.33762pt too wide) detected at line 175
 \kbigtt 3.0

\hbox(7.33333+0.0)x22.76228
.\glue 0.0 plus 1.0fil
.\kern 2.10004
.\kbigtt 3
.\kbigtt .
.\kbigtt 0
.etc.


Overfull \hbox (0.33762pt too wide) detected at line 177
 \kbigtt 3.0

\hbox(7.33333+0.0)x22.76228
.\glue 0.0 plus 1.0fil
.\kern 2.10004
.\kbigtt 3
.\kbigtt .
.\kbigtt 0
.etc.


Overfull \hbox (0.33762pt too wide) detected at line 179
 \kbigtt 3.0

\hbox(7.33333+0.0)x22.76228
.\glue 0.0 plus 1.0fil
.\kern 2.10004
.\kbigtt 3
.\kbigtt .
.\kbigtt 0
.etc.


Overfull \hbox (0.33762pt too wide) detected at line 181
 \kbigtt 3.0

\hbox(7.33333+0.0)x22.76228
.\glue 0.0 plus 1.0fil
.\kern 2.10004
.\kbigtt 3
.\kbigtt .
.\kbigtt 0
.etc.


Overfull \hbox (1.06387pt too wide) in alignment at lines 4--183
[][][][][][][][][][][][]

\hbox(0.0+0.0)x722.7
.\glue(\tabskip) 0.0
.\unsetbox(0.0+0.0)x125.99194
.\glue(\tabskip) 0.0
.\unsetbox(0.0+0.0)x34.94322
.\glue(\tabskip) 0.0
.etc.

[116] )
Output written on fastlog.dvi (4 pages, 34708 bytes).
