0001.BIAS 0  1:48 13:18:53 -06:38:33 300 90  3.0  "Supernovae and" " " " " 
0002.BIAS 0  1:49 13:18:53 -06:38:33 300 90  3.0  "Supernovae and" " " " " 
0003.BIAS 0  1:49 13:18:53 -06:38:33 300 90  3.0  "Supernovae and" " " " " 
0004.BIAS 0  1:49 13:18:53 -06:38:33 300 90  3.0  "Supernovae and" " " " " 
0005.BIAS 0  1:49 13:18:53 -06:38:33 300 90  3.0  "Supernovae and" " " " " 
0006.BIAS 0  1:49 13:18:53 -06:38:33 300 90  3.0  "Supernovae and" " " " " 
0007.BIAS 0  1:49 13:18:53 -06:38:33 300 90  3.0  "Supernovae and" " " " " 
0008.BIAS 0  1:49 13:18:53 -06:38:33 300 90  3.0  "Supernovae and" " " " " 
0009.BIAS 0  1:49 13:18:53 -06:38:33 300 90  3.0  "Supernovae and" " " " " 
0010.BIAS 0  1:49 13:18:53 -06:38:33 300 90  3.0  "Supernovae and" " " " " 
0011.FLAT 7  1:51 13:18:53 -06:38:33 300 90  3.0  "Supernovae and" " " " " 
0012.FLAT 7  1:51 13:18:53 -06:38:33 300 90  3.0  "Supernovae and" " " " " 
0013.FLAT 7  1:51 13:18:53 -06:38:33 300 90  3.0  "Supernovae and" " " " " 
0014.FLAT 7  1:52 13:18:53 -06:38:33 300 90  3.0  "Supernovae and" " " " " 
0015.FLAT 7  1:52 13:18:53 -06:38:33 300 90  3.0  "Supernovae and" " " " " 
0016.FLAT 7  1:53 13:18:53 -06:38:33 300 90  3.0  "Supernovae and" " " " " 
0017.FLAT 7  1:53 13:18:53 -06:38:33 300 90  3.0  "Supernovae and" " " " " 
0018.FLAT 7  1:53 13:18:53 -06:38:33 300 90  3.0  "Supernovae and" " " " " 
0019.FLAT 7  1:54 13:18:53 -06:38:33 300 90  3.0  "Supernovae and" " " " " 
0020.FLAT 7  1:54 13:18:53 -06:38:33 300 90  3.0  "Supernovae and" " " " " 
0021.FLAT 7  1:54 13:18:53 -06:38:33 300 90  3.0  "Supernovae and" " " " " 
0022.FLAT 7  1:55 13:18:53 -06:38:33 300 90  3.0  "Supernovae and" " " " " 
0023.FLAT 7  1:55 13:18:53 -06:38:33 300 90  3.0  "Supernovae and" " " " " 
0024.FLAT 7  1:55 13:18:53 -06:38:33 300 90  3.0  "Supernovae and" " " " " 
0025.FLAT 7  1:56 13:18:53 -06:38:33 300 90  3.0  "Supernovae and" " " " " 
0026.COMP 10  2:02 13:18:53 -06:38:33 300 90  3.0  "Supernovae and" " " " " 
0027.KH15D 360  2:23 06:41:10 +09:28:33 300 90  3.0  "KH15D" " " " " 
0028.KH15D 360  2:29 06:41:10 +09:28:33 300 90  3.0  "KH15D" " " " " 
0029.KH15D 360  2:36 06:41:10 +09:28:33 300 90  3.0  "KH15D" " " " " 
0030.NGC2264 300  2:45 06:41:10 +09:28:33 300 90  3.0  "KH15D" " " " " 
0031.NGC2264 300  2:50 06:41:10 +09:28:33 300 90  3.0  "KH15D" " " " " 
0032.NGC2264 300  2:55 06:41:10 +09:28:33 300 90  3.0  "KH15D" " " " " 
0033.COMP 10  3:10 06:31:54 +04:56:00 300 90  3.0  "KH15D" " " " " 
0034.NGC2244 300  3:12 06:31:54 +04:56:00 300 90  3.0  "KH15D" " " " " 
0035.NGC2244 300  3:21 06:31:54 +04:56:00 300 90  3.0  "KH15D" " " " " 
0036.NGC2392 300  3:30 07:29:11 +20:54:42 300 90  3.0  "KH15D" " " " " 
0037.AT2017cfa 600  3:48 09:57:04 -07:52:51 300 90  3.0  "KH15D" " " " " 
0038.AT2017cfa 600  3:58 09:57:04 -07:52:51 300 90  3.0  "KH15D" " " " " 
0039.AT2017cfa 600  4:08 09:57:04 -07:52:51 300 90  3.0  "KH15D" " " " " 
0040.COMP 10  4:25 09:57:04 -07:52:51 300 90  3.0  "KH15D" " " " " 
0041.AT2017cel 900  4:31 07:58:48 -11:14:51 300 90  3.0  "KH15D" " " " " 
0042.AT2017cel 900  4:46 07:58:48 -11:14:51 300 90  3.0  "KH15D" " " " " 
0043.COMP 10  5:02 07:58:48 -11:14:51 300 90  3.0  "KH15D" " " " " 
0044.APM08279 900  5:07 08:31:42 +52:45:18 300 90  3.0  "KH15D" " " " " 
0045.COMP 10  5:22 08:31:42 +52:45:18 300 90  3.0  "KH15D" " " " " 
0046.NGC2392slitless 5  5:36 07:29:15 +20:49:43 300 89  3.0  "KH15D" " " " " 
0047.NGC2392slitless 30  5:38 07:29:15 +20:49:43 300 89  3.0  "KH15D" " " " " 
0048.Adhafera 0  5:47 10:16:41 +23:25:02 300 89  3.0  "KH15D" " " " " 
0049.COMP 10  5:47 10:16:41 +23:25:02 300 89  3.0  "KH15D" " " " " 
0051.Phecda 0  5:58 11:53:50 +53:41:41 300 89  3.0  "KH15D" " " " " 
0052.COMP 5  6:32 12:56:39.3 +41:21:20 300 89  3.0  "KH15D" " " " " 
0053.BIAS 0  6:40 12:56:39.3 +41:21:20 300 89  3.0  "KH15D" " " " " 
0054.COMP 5  6:40 12:56:39.3 +41:21:20 300 89  3.0  "KH15D" " " " " 
0055.BIAS 0  6:43 10:57:58.8 +31:36:11 300 89  3.0  "KH15D" " " " " 
0056.AT2017cfb 600  7:50 13:54:07 +09:24:45 300 90  3.0  "KH15D" " " " " 
0057.AT2017cfb 600  8:01 13:54:07 +09:24:45 300 90  3.0  "KH15D" " " " " 
0058.AT2017cfb 600  8:11 13:54:07 +09:24:45 300 90  3.0  "KH15D" " " " " 
0059.COMP 10  8:21 13:54:07 +09:24:45 300 90  3.0  "KH15D" " " " " 
0060.AT2017cfc 600  8:38 13:52:39 -02:00:08 300 26  3.0  "KH15D" " " " " 
0061.AT2017cfc 600  8:48 13:52:39 -02:00:08 300 26  3.0  "KH15D" " " " " 
0062.AT2017cfc 600  8:58 13:52:39 -02:00:08 300 26  3.0  "KH15D" " " " " 
0063.COMP 10  9:10 13:52:39 -02:00:08 300 26  3.0  "KH15D" " " " " 
0064.BHvsNova 600  9:22 15:22:39 +39:13:52 300 90  3.0  "KH15D" " " " " 
0065.BHvsNova 600  9:32 15:22:39 +39:13:52 300 90  3.0  "KH15D" " " " " 
0066.BHvsNova 600  9:42 15:22:39 +39:13:52 300 90  3.0  "KH15D" " " " " 
0067.COMP 10 10:00 15:22:39 +39:13:52 300 90  3.0  "KH15D" " " " " 
0068.AT2017cfc 900 10:13 13:52:39 -02:00:08 300 90  3.0  "KH15D" " " " " 
0069.COMP 10 10:32 13:52:39 -02:00:08 300 90  3.0  "KH15D" " " " " 
0070.Jupiter 0 10:42 13:18:53 -06:38:33 300 90  3.0  "Misc." " " " " 
0071.Jupiter 0 10:48 13:18:53 -06:38:33 300 90  3.0  "Misc." " " " " 
0072.M3 1 10:57 13:42:12 28:22:38 300 90  3.0  "Misc." " " " " 
0073.M3 15 10:58 13:42:12 28:22:38 300 90  3.0  "Misc." " " " " 
0074.M3 15 10:59 13:42:12 28:22:38 300 90  3.0  "Misc." " " " " 
0075.2017bkc 600 11:09 17:50:30 -01:48:09 300 90  3.0  "Supernovae" " " " " 
0076.2017bkc 600 11:19 17:50:30 -01:48:09 300 90  3.0  "Supernovae" " " " " 
0077.COMP 10 11:30 17:50:30 -01:48:09 300 90  3.0  "Supernovae" " " " " 
